<?xml version="1.0" encoding="UTF-8"?>
<testsuite xmlns:xsi="http://www.w3.org/2001/XMLSchema-instance" xsi:noNamespaceSchemaLocation="https://maven.apache.org/surefire/maven-surefire-plugin/xsd/surefire-test-report-3.0.xsd" version="3.0" name="Tests" time="0.128" tests="16" errors="0" skipped="0" failures="0">
  <properties>
[...]
</properties>
  <testcase name="test10" classname="Tests" time="0.055"/>
  <testcase name="test11" classname="Tests" time="0.004"/>
  <testcase name="test12" classname="Tests" time="0.004"/>
  <testcase name="test13" classname="Tests" time="0.006"/>
  <testcase name="test14" classname="Tests" time="0.002"/>
  <testcase name="test15" classname="Tests" time="0.003"/>
  <testcase name="test16" classname="Tests" time="0.003"/>
  <testcase name="test1" classname="Tests" time="0.004"/>
  <testcase name="test2" classname="Tests" time="0.003"/>
  <testcase name="test3" classname="Tests" time="0.002"/>
  <testcase name="test4" classname="Tests" time="0.003"/>
  <testcase name="test5" classname="Tests" time="0.007"/>
  <testcase name="test6" classname="Tests" time="0.003"/>
  <testcase name="test7" classname="Tests" time="0.002"/>
  <testcase name="test8" classname="Tests" time="0.003"/>
  <testcase name="test9" classname="Tests" time="0.003"/>
</testsuite>